12cfc77d-7b97-4709-8bca-832918f16f67 s3unf.cneuromod.shinobi.mri.sensitive timestamp=1600363298.260193s
28b876ee-17ac-4528-b8c0-88452deffb9f basile@criugm0277:~/data/src/actions-template/shinobi timestamp=1669924867s
3355fe62-72da-430d-810b-aa55a1db5c5c basile@criugm0277:~/data/tests/cneuromod/shinobi timestamp=1670950694s
3763964c-eecc-4945-9d16-eac3310ebfca mepicard@elm.criugm.qc.ca:/scratch/mepicard/physio_data/cneuromod.shinobi.raw timestamp=1690164282s
3d79816d-b651-443c-9b08-b1c3fac93ed5 basile@blob-XPS-9320:~/data/tests/cneuromod_conf/shinobi timestamp=1705679587s
56295697-ee68-473d-9658-ba6228309049 conp-ria-storage timestamp=1684244839s
579e409c-6123-4748-8e73-f142da1d303b bpinsard@beluga3.int.ets1.calculquebec.ca:/lustre03/project/6003287/datasets/cneuromod_new/shinobi timestamp=1112912008s
5ebbbca4-2981-45af-936a-3d620192a5bf ria-sequoia-storage timestamp=1648130411s
699e8194-f4f5-48e3-ae14-99665328beff ria-narval-storage timestamp=1635539546s
6a9ccbe1-7b35-4ecf-9c7c-fa8da336eb0c s3unf.cneuromod.shinobi.mri timestamp=1600363260.301266s
6bff9ac5-022e-4daf-a806-bb9d05e3a481 bpinsard@jacaranda.unf-montreal.ca:/data/neuromod/DATA/cneuromod/shinobi timestamp=1112911994s
71a16862-21ed-4490-855d-1343fef19dab bpinsard@narval2.narval.calcul.quebec:/lustre07/scratch/bpinsard/shinobi timestamp=1641580214.570325881s
85cce920-5e45-4dd9-8194-eb02742fd903 basile@criugm0277:~/data/tests/cneuromod/shinobi timestamp=1610029207s
90d0689b-bc58-41ad-878a-c5ff51ee1408 basile@criugm0277:~/data/tests/cneuromod_conp_deploy/shinobi timestamp=1689364061s
9dbf1ebe-618e-4351-8f25-c8732cb5944d ria-narval-storage timestamp=1635642356s
ad06f2d9-2ae7-4dfe-bc91-c7760e216a91 basile@criugm0277:~/data/tests/cneuromod.procesed_conp_deploy/fmriprep/shinobi/sourcedata/shinobi timestamp=1689364061s
af2eca79-905d-468b-bedb-cda756ce9f65 hyruuk@beluga3.int.ets1.calculquebec.ca:/lustre03/project/6002071/hyruuk/shinobi timestamp=1679409000s
b20770bb-9ee3-4cb1-a90d-8c2f1ddaa4bb ria-beluga-storage timestamp=1623632376s
b2efe3da-34c2-45df-84ea-0319fe5dff5f bpinsard@elm.criugm.qc.ca:/scratch/tmp/cneuromod.all/shinobi/bids timestamp=1755783125s
b392b648-d67d-45fa-acbb-99a4c2b7fa0c ria-sequoia-storage timestamp=1635642357s
b9b4e2bd-1d26-4fb1-9cf5-b16c0ced002a bpinsard@beluga1.int.ets1.calculquebec.ca:/lustre03/project/6003287/datasets/cneuromod_processed/fmriprep/shinobi/sourcedata/shinobi timestamp=1635363649.469233371s
d3f00f93-2836-4c32-ab90-3e579a1cab89 yharel@elm.criugm.qc.ca:/data/neuromod/tmp_yann/vg_data/shinobi timestamp=1764697923s
ead50ee0-e5e1-4fc0-9668-e3460bd8bae1 bpinsard@elm.criugm.qc.ca:/scratch/tmp/conp_rel/shinobi timestamp=1731968559s
f1929274-ffe2-42ac-995e-56246f78dc93 bpinsard@elm.criugm.qc.ca:/scratch/tmp/cneuromod_rel/shinobi timestamp=1731968559s
f7910998-fdd5-45b8-a1e1-e7b1b2e70458 basile@blob-XPS-9320:~/data/tests/cneuromod/shinobi timestamp=1690164282s
